# JRE version: Java(TM) SE Runtime Environment (18.0.2+9) (build 18.0.2+9-61)
# Java VM: Java HotSpot(TM) 64-Bit Server VM (18.0.2+9-61, mixed mode, emulated-client, sharing, tiered, compressed oops, compressed class ptrs, g1 gc, windows-amd64)
GC Precious Log:
 CardTable entry size: 512
 Card Set container configuration: InlinePtr #cards 5 size 8 Array Of Cards #cards 12 size 40 Howl #buckets 4 coarsen threshold 1843 Howl Bitmap #cards 512 size 80 coarsen threshold 460 Card regions per heap region 1 cards per card region 2048
 CPUs: 8 total, 8 available
 Memory: 8039M
 Large Page Support: Disabled
 NUMA Support: Disabled
 Compressed Oops: Enabled (32-bit)
 Heap Region Size: 1M
 Heap Min Capacity: 8M
 Heap Initial Capacity: 126M
 Heap Max Capacity: 2010M
 Pre-touch: Disabled
 Parallel Workers: 8
 Concurrent Workers: 2
 Concurrent Refinement Workers: 8
 Periodic GC: Disabled
Heap:
 garbage-first heap   total 89088K, used 68169K [0x0000000082600000, 0x0000000100000000)
  region size 1024K, 38 young (38912K), 2 survivors (2048K)
 Metaspace       used 78601K, committed 79296K, reserved 1179648K
  class space    used 10677K, committed 10944K, reserved 1048576K
GC Heap History (20 events):
Event: 9045.807 GC heap after
{Heap after GC invocations=50 (full 9):
 garbage-first heap   total 89088K, used 31003K [0x0000000082600000, 0x0000000100000000)
  region size 1024K, 4 young (4096K), 4 survivors (4096K)
 Metaspace       used 77303K, committed 78080K, reserved 1179648K
  class space    used 10562K, committed 10880K, reserved 1048576K
}
Event: 9046.681 GC heap before
{Heap before GC invocations=50 (full 9):
 garbage-first heap   total 89088K, used 67867K [0x0000000082600000, 0x0000000100000000)
  region size 1024K, 40 young (40960K), 4 survivors (4096K)
 Metaspace       used 77593K, committed 78336K, reserved 1179648K
  class space    used 10587K, committed 10880K, reserved 1048576K
}
Event: 9046.686 GC heap after
{Heap after GC invocations=51 (full 9):
 garbage-first heap   total 89088K, used 33553K [0x0000000082600000, 0x0000000100000000)
  region size 1024K, 3 young (3072K), 3 survivors (3072K)
 Metaspace       used 77593K, committed 78336K, reserved 1179648K
  class space    used 10587K, committed 10880K, reserved 1048576K
}
Event: 9080.490 GC heap before
{Heap before GC invocations=51 (full 9):
 garbage-first heap   total 89088K, used 45841K [0x0000000082600000, 0x0000000100000000)
  region size 1024K, 16 young (16384K), 3 survivors (3072K)
 Metaspace       used 77615K, committed 78336K, reserved 1179648K
  class space    used 10589K, committed 10880K, reserved 1048576K
}
Event: 9080.594 GC heap after
{Heap after GC invocations=52 (full 10):
 garbage-first heap   total 89088K, used 27727K [0x0000000082600000, 0x0000000100000000)
  region size 1024K, 0 young (0K), 0 survivors (0K)
 Metaspace       used 77517K, committed 78336K, reserved 1179648K
  class space    used 10564K, committed 10880K, reserved 1048576K
}
Event: 9081.385 GC heap before
{Heap before GC invocations=52 (full 10):
 garbage-first heap   total 89088K, used 67663K [0x0000000082600000, 0x0000000100000000)
  region size 1024K, 39 young (39936K), 0 survivors (0K)
 Metaspace       used 77619K, committed 78336K, reserved 1179648K
  class space    used 10577K, committed 10880K, reserved 1048576K
}
Event: 9081.389 GC heap after
{Heap after GC invocations=53 (full 10):
 garbage-first heap   total 89088K, used 30871K [0x0000000082600000, 0x0000000100000000)
  region size 1024K, 4 young (4096K), 4 survivors (4096K)
 Metaspace       used 77619K, committed 78336K, reserved 1179648K
  class space    used 10577K, committed 10880K, reserved 1048576K
}
Event: 9082.624 GC heap before
{Heap before GC invocations=53 (full 10):
 garbage-first heap   total 89088K, used 66711K [0x0000000082600000, 0x0000000100000000)
  region size 1024K, 40 young (40960K), 4 survivors (4096K)
 Metaspace       used 77917K, committed 78592K, reserved 1179648K
  class space    used 10605K, committed 10880K, reserved 1048576K
}
Event: 9082.629 GC heap after
{Heap after GC invocations=54 (full 10):
 garbage-first heap   total 89088K, used 33795K [0x0000000082600000, 0x0000000100000000)
  region size 1024K, 4 young (4096K), 4 survivors (4096K)
 Metaspace       used 77917K, committed 78592K, reserved 1179648K
  class space    used 10605K, committed 10880K, reserved 1048576K
}
Event: 9138.185 GC heap before
{Heap before GC invocations=54 (full 10):
 garbage-first heap   total 89088K, used 47107K [0x0000000082600000, 0x0000000100000000)
  region size 1024K, 18 young (18432K), 4 survivors (4096K)
 Metaspace       used 77939K, committed 78656K, reserved 1179648K
  class space    used 10607K, committed 10880K, reserved 1048576K
}
Event: 9138.311 GC heap after
{Heap after GC invocations=55 (full 11):
 garbage-first heap   total 89088K, used 28069K [0x0000000082600000, 0x0000000100000000)
  region size 1024K, 0 young (0K), 0 survivors (0K)
 Metaspace       used 77932K, committed 78656K, reserved 1179648K
  class space    used 10606K, committed 10880K, reserved 1048576K
}
Event: 9139.149 GC heap before
{Heap before GC invocations=55 (full 11):
 garbage-first heap   total 89088K, used 65957K [0x0000000082600000, 0x0000000100000000)
  region size 1024K, 38 young (38912K), 0 survivors (0K)
 Metaspace       used 78035K, committed 78720K, reserved 1179648K
  class space    used 10622K, committed 10880K, reserved 1048576K
}
Event: 9139.152 GC heap after
{Heap after GC invocations=56 (full 11):
 garbage-first heap   total 89088K, used 31212K [0x0000000082600000, 0x0000000100000000)
  region size 1024K, 4 young (4096K), 4 survivors (4096K)
 Metaspace       used 78035K, committed 78720K, reserved 1179648K
  class space    used 10622K, committed 10880K, reserved 1048576K
}
Event: 9139.478 GC heap before
{Heap before GC invocations=56 (full 11):
 garbage-first heap   total 89088K, used 67052K [0x0000000082600000, 0x0000000100000000)
  region size 1024K, 39 young (39936K), 4 survivors (4096K)
 Metaspace       used 78316K, committed 79040K, reserved 1179648K
  class space    used 10644K, committed 10944K, reserved 1048576K
}
Event: 9139.483 GC heap after
{Heap after GC invocations=57 (full 11):
 garbage-first heap   total 89088K, used 33998K [0x0000000082600000, 0x0000000100000000)
  region size 1024K, 4 young (4096K), 4 survivors (4096K)
 Metaspace       used 78316K, committed 79040K, reserved 1179648K
  class space    used 10644K, committed 10944K, reserved 1048576K
}
Event: 9370.807 GC heap before
{Heap before GC invocations=57 (full 11):
 garbage-first heap   total 89088K, used 56526K [0x0000000082600000, 0x0000000100000000)
  region size 1024K, 27 young (27648K), 4 survivors (4096K)
 Metaspace       used 78346K, committed 79040K, reserved 1179648K
  class space    used 10651K, committed 10944K, reserved 1048576K
}
Event: 9370.872 GC heap after
{Heap after GC invocations=58 (full 12):
 garbage-first heap   total 89088K, used 27948K [0x0000000082600000, 0x0000000100000000)
  region size 1024K, 0 young (0K), 0 survivors (0K)
 Metaspace       used 78333K, committed 79040K, reserved 1179648K
  class space    used 10649K, committed 10944K, reserved 1048576K
}
Event: 9371.475 GC heap before
{Heap before GC invocations=58 (full 12):
 garbage-first heap   total 89088K, used 67884K [0x0000000082600000, 0x0000000100000000)
  region size 1024K, 39 young (39936K), 0 survivors (0K)
 Metaspace       used 78434K, committed 79168K, reserved 1179648K
  class space    used 10662K, committed 10944K, reserved 1048576K
}
Event: 9371.483 GC heap after
{Heap after GC invocations=59 (full 12):
 garbage-first heap   total 89088K, used 31306K [0x0000000082600000, 0x0000000100000000)
  region size 1024K, 4 young (4096K), 4 survivors (4096K)
 Metaspace       used 78434K, committed 79168K, reserved 1179648K
  class space    used 10662K, committed 10944K, reserved 1048576K
}
Event: 15037.886 GC heap before
{Heap before GC invocations=59 (full 12):
 garbage-first heap   total 89088K, used 67146K [0x0000000082600000, 0x0000000100000000)
  region size 1024K, 40 young (40960K), 4 survivors (4096K)
 Metaspace       used 78601K, committed 79296K, reserved 1179648K
  class space    used 10677K, committed 10944K, reserved 1048576K
}

